# Logfile created on 2011-11-22 19:09:03 +0100 by logger.rb/31641
REQUESTING PAGE: GET / with {} and HTTP headers {}
REQUESTING PAGE: GET / with {} and HTTP headers {}
REQUESTING PAGE: GET / with {} and HTTP headers {}
REQUESTING PAGE: GET / with {} and HTTP headers {}
REQUESTING PAGE: GET / with {} and HTTP headers {}
REQUESTING PAGE: GET / with {} and HTTP headers {}
REQUESTING PAGE: GET / with {} and HTTP headers {}
REQUESTING PAGE: GET /about with {} and HTTP headers {"HTTP_REFERER"=>"/"}
REQUESTING PAGE: GET /help with {} and HTTP headers {"HTTP_REFERER"=>"/about"}
REQUESTING PAGE: GET /contact with {} and HTTP headers {"HTTP_REFERER"=>"/help"}
REQUESTING PAGE: GET / with {} and HTTP headers {"HTTP_REFERER"=>"/contact"}
REQUESTING PAGE: GET /signup with {} and HTTP headers {"HTTP_REFERER"=>"/"}
REQUESTING PAGE: GET / with {} and HTTP headers {}
REQUESTING PAGE: GET /about with {} and HTTP headers {"HTTP_REFERER"=>"/"}
REQUESTING PAGE: GET /help with {} and HTTP headers {"HTTP_REFERER"=>"/about"}
REQUESTING PAGE: GET /contact with {} and HTTP headers {"HTTP_REFERER"=>"/help"}
REQUESTING PAGE: GET / with {} and HTTP headers {"HTTP_REFERER"=>"/contact"}
REQUESTING PAGE: GET /signup with {} and HTTP headers {"HTTP_REFERER"=>"/"}
REQUESTING PAGE: GET / with {} and HTTP headers {}
REQUESTING PAGE: GET /about with {} and HTTP headers {"HTTP_REFERER"=>"/"}
REQUESTING PAGE: GET /help with {} and HTTP headers {"HTTP_REFERER"=>"/about"}
REQUESTING PAGE: GET /contact with {} and HTTP headers {"HTTP_REFERER"=>"/help"}
REQUESTING PAGE: GET / with {} and HTTP headers {"HTTP_REFERER"=>"/contact"}
REQUESTING PAGE: GET /signup with {} and HTTP headers {"HTTP_REFERER"=>"/"}
REQUESTING PAGE: GET / with {} and HTTP headers {}
REQUESTING PAGE: GET /about with {} and HTTP headers {"HTTP_REFERER"=>"/"}
REQUESTING PAGE: GET /help with {} and HTTP headers {"HTTP_REFERER"=>"/about"}
REQUESTING PAGE: GET /contact with {} and HTTP headers {"HTTP_REFERER"=>"/help"}
REQUESTING PAGE: GET / with {} and HTTP headers {"HTTP_REFERER"=>"/contact"}
REQUESTING PAGE: GET /signup with {} and HTTP headers {"HTTP_REFERER"=>"/"}
REQUESTING PAGE: GET / with {} and HTTP headers {}
REQUESTING PAGE: GET /about with {} and HTTP headers {"HTTP_REFERER"=>"/"}
REQUESTING PAGE: GET /help with {} and HTTP headers {"HTTP_REFERER"=>"/about"}
REQUESTING PAGE: GET /contact with {} and HTTP headers {"HTTP_REFERER"=>"/help"}
REQUESTING PAGE: GET / with {} and HTTP headers {"HTTP_REFERER"=>"/contact"}
REQUESTING PAGE: GET /signup with {} and HTTP headers {"HTTP_REFERER"=>"/"}
REQUESTING PAGE: GET / with {} and HTTP headers {}
REQUESTING PAGE: GET /about with {} and HTTP headers {"HTTP_REFERER"=>"/"}
REQUESTING PAGE: GET /help with {} and HTTP headers {"HTTP_REFERER"=>"/about"}
REQUESTING PAGE: GET /contact with {} and HTTP headers {"HTTP_REFERER"=>"/help"}
REQUESTING PAGE: GET / with {} and HTTP headers {"HTTP_REFERER"=>"/contact"}
REQUESTING PAGE: GET /signup with {} and HTTP headers {"HTTP_REFERER"=>"/"}
REQUESTING PAGE: GET / with {} and HTTP headers {}
REQUESTING PAGE: GET /about with {} and HTTP headers {"HTTP_REFERER"=>"/"}
REQUESTING PAGE: GET /help with {} and HTTP headers {"HTTP_REFERER"=>"/about"}
REQUESTING PAGE: GET /contact with {} and HTTP headers {"HTTP_REFERER"=>"/help"}
REQUESTING PAGE: GET / with {} and HTTP headers {"HTTP_REFERER"=>"/contact"}
REQUESTING PAGE: GET /signup with {} and HTTP headers {"HTTP_REFERER"=>"/"}
REQUESTING PAGE: GET / with {} and HTTP headers {}
REQUESTING PAGE: GET /about with {} and HTTP headers {"HTTP_REFERER"=>"/"}
REQUESTING PAGE: GET /help with {} and HTTP headers {"HTTP_REFERER"=>"/about"}
REQUESTING PAGE: GET /contact with {} and HTTP headers {"HTTP_REFERER"=>"/help"}
REQUESTING PAGE: GET / with {} and HTTP headers {"HTTP_REFERER"=>"/contact"}
REQUESTING PAGE: GET /signup with {} and HTTP headers {"HTTP_REFERER"=>"/"}
REQUESTING PAGE: GET / with {} and HTTP headers {}
REQUESTING PAGE: GET /about with {} and HTTP headers {"HTTP_REFERER"=>"/"}
REQUESTING PAGE: GET /help with {} and HTTP headers {"HTTP_REFERER"=>"/about"}
REQUESTING PAGE: GET /contact with {} and HTTP headers {"HTTP_REFERER"=>"/help"}
REQUESTING PAGE: GET / with {} and HTTP headers {"HTTP_REFERER"=>"/contact"}
REQUESTING PAGE: GET /signup with {} and HTTP headers {"HTTP_REFERER"=>"/"}
REQUESTING PAGE: GET / with {} and HTTP headers {}
REQUESTING PAGE: GET /about with {} and HTTP headers {"HTTP_REFERER"=>"/"}
REQUESTING PAGE: GET /help with {} and HTTP headers {"HTTP_REFERER"=>"/about"}
REQUESTING PAGE: GET /contact with {} and HTTP headers {"HTTP_REFERER"=>"/help"}
REQUESTING PAGE: GET / with {} and HTTP headers {"HTTP_REFERER"=>"/contact"}
REQUESTING PAGE: GET /signup with {} and HTTP headers {"HTTP_REFERER"=>"/"}
REQUESTING PAGE: GET / with {} and HTTP headers {}
REQUESTING PAGE: GET /about with {} and HTTP headers {"HTTP_REFERER"=>"/"}
REQUESTING PAGE: GET /help with {} and HTTP headers {"HTTP_REFERER"=>"/about"}
REQUESTING PAGE: GET /contact with {} and HTTP headers {"HTTP_REFERER"=>"/help"}
REQUESTING PAGE: GET / with {} and HTTP headers {"HTTP_REFERER"=>"/contact"}
REQUESTING PAGE: GET /signup with {} and HTTP headers {"HTTP_REFERER"=>"/"}
REQUESTING PAGE: GET / with {} and HTTP headers {}
REQUESTING PAGE: GET /about with {} and HTTP headers {"HTTP_REFERER"=>"/"}
REQUESTING PAGE: GET /help with {} and HTTP headers {"HTTP_REFERER"=>"/about"}
REQUESTING PAGE: GET /contact with {} and HTTP headers {"HTTP_REFERER"=>"/help"}
REQUESTING PAGE: GET / with {} and HTTP headers {"HTTP_REFERER"=>"/contact"}
REQUESTING PAGE: GET /signup with {} and HTTP headers {"HTTP_REFERER"=>"/"}
REQUESTING PAGE: GET / with {} and HTTP headers {}
REQUESTING PAGE: GET /about with {} and HTTP headers {"HTTP_REFERER"=>"/"}
REQUESTING PAGE: GET /help with {} and HTTP headers {"HTTP_REFERER"=>"/about"}
REQUESTING PAGE: GET /contact with {} and HTTP headers {"HTTP_REFERER"=>"/help"}
REQUESTING PAGE: GET / with {} and HTTP headers {"HTTP_REFERER"=>"/contact"}
REQUESTING PAGE: GET /signup with {} and HTTP headers {"HTTP_REFERER"=>"/"}
REQUESTING PAGE: GET / with {} and HTTP headers {}
REQUESTING PAGE: GET /about with {} and HTTP headers {"HTTP_REFERER"=>"/"}
REQUESTING PAGE: GET /help with {} and HTTP headers {"HTTP_REFERER"=>"/about"}
REQUESTING PAGE: GET /contact with {} and HTTP headers {"HTTP_REFERER"=>"/help"}
REQUESTING PAGE: GET / with {} and HTTP headers {"HTTP_REFERER"=>"/contact"}
REQUESTING PAGE: GET /signup with {} and HTTP headers {"HTTP_REFERER"=>"/"}
REQUESTING PAGE: GET / with {} and HTTP headers {}
REQUESTING PAGE: GET /about with {} and HTTP headers {"HTTP_REFERER"=>"/"}
REQUESTING PAGE: GET /help with {} and HTTP headers {"HTTP_REFERER"=>"/about"}
REQUESTING PAGE: GET /contact with {} and HTTP headers {"HTTP_REFERER"=>"/help"}
REQUESTING PAGE: GET / with {} and HTTP headers {"HTTP_REFERER"=>"/contact"}
REQUESTING PAGE: GET /signup with {} and HTTP headers {"HTTP_REFERER"=>"/"}
REQUESTING PAGE: GET / with {} and HTTP headers {}
REQUESTING PAGE: GET /about with {} and HTTP headers {"HTTP_REFERER"=>"/"}
REQUESTING PAGE: GET /help with {} and HTTP headers {"HTTP_REFERER"=>"/about"}
REQUESTING PAGE: GET /contact with {} and HTTP headers {"HTTP_REFERER"=>"/help"}
REQUESTING PAGE: GET / with {} and HTTP headers {"HTTP_REFERER"=>"/contact"}
REQUESTING PAGE: GET /signup with {} and HTTP headers {"HTTP_REFERER"=>"/"}
REQUESTING PAGE: GET / with {} and HTTP headers {}
REQUESTING PAGE: GET /about with {} and HTTP headers {"HTTP_REFERER"=>"/"}
REQUESTING PAGE: GET /help with {} and HTTP headers {"HTTP_REFERER"=>"/about"}
REQUESTING PAGE: GET /contact with {} and HTTP headers {"HTTP_REFERER"=>"/help"}
REQUESTING PAGE: GET / with {} and HTTP headers {"HTTP_REFERER"=>"/contact"}
REQUESTING PAGE: GET /signup with {} and HTTP headers {"HTTP_REFERER"=>"/"}
REQUESTING PAGE: GET / with {} and HTTP headers {}
REQUESTING PAGE: GET /about with {} and HTTP headers {"HTTP_REFERER"=>"/"}
REQUESTING PAGE: GET /help with {} and HTTP headers {"HTTP_REFERER"=>"/about"}
REQUESTING PAGE: GET /contact with {} and HTTP headers {"HTTP_REFERER"=>"/help"}
REQUESTING PAGE: GET / with {} and HTTP headers {"HTTP_REFERER"=>"/contact"}
REQUESTING PAGE: GET /signup with {} and HTTP headers {"HTTP_REFERER"=>"/"}
REQUESTING PAGE: GET / with {} and HTTP headers {}
REQUESTING PAGE: GET /about with {} and HTTP headers {"HTTP_REFERER"=>"/"}
REQUESTING PAGE: GET /help with {} and HTTP headers {"HTTP_REFERER"=>"/about"}
REQUESTING PAGE: GET /contact with {} and HTTP headers {"HTTP_REFERER"=>"/help"}
REQUESTING PAGE: GET / with {} and HTTP headers {"HTTP_REFERER"=>"/contact"}
REQUESTING PAGE: GET /signup with {} and HTTP headers {"HTTP_REFERER"=>"/"}
REQUESTING PAGE: GET / with {} and HTTP headers {}
REQUESTING PAGE: GET /about with {} and HTTP headers {"HTTP_REFERER"=>"/"}
REQUESTING PAGE: GET /help with {} and HTTP headers {"HTTP_REFERER"=>"/about"}
REQUESTING PAGE: GET /contact with {} and HTTP headers {"HTTP_REFERER"=>"/help"}
REQUESTING PAGE: GET / with {} and HTTP headers {"HTTP_REFERER"=>"/contact"}
REQUESTING PAGE: GET /signup with {} and HTTP headers {"HTTP_REFERER"=>"/"}
REQUESTING PAGE: GET / with {} and HTTP headers {}
REQUESTING PAGE: GET /about with {} and HTTP headers {"HTTP_REFERER"=>"/"}
REQUESTING PAGE: GET /help with {} and HTTP headers {"HTTP_REFERER"=>"/about"}
REQUESTING PAGE: GET /contact with {} and HTTP headers {"HTTP_REFERER"=>"/help"}
REQUESTING PAGE: GET / with {} and HTTP headers {"HTTP_REFERER"=>"/contact"}
REQUESTING PAGE: GET /signup with {} and HTTP headers {"HTTP_REFERER"=>"/"}
REQUESTING PAGE: GET / with {} and HTTP headers {}
REQUESTING PAGE: GET /about with {} and HTTP headers {"HTTP_REFERER"=>"/"}
REQUESTING PAGE: GET /help with {} and HTTP headers {"HTTP_REFERER"=>"/about"}
REQUESTING PAGE: GET /contact with {} and HTTP headers {"HTTP_REFERER"=>"/help"}
REQUESTING PAGE: GET / with {} and HTTP headers {"HTTP_REFERER"=>"/contact"}
REQUESTING PAGE: GET /signup with {} and HTTP headers {"HTTP_REFERER"=>"/"}
REQUESTING PAGE: GET / with {} and HTTP headers {}
REQUESTING PAGE: GET /about with {} and HTTP headers {"HTTP_REFERER"=>"/"}
REQUESTING PAGE: GET /help with {} and HTTP headers {"HTTP_REFERER"=>"/about"}
REQUESTING PAGE: GET /contact with {} and HTTP headers {"HTTP_REFERER"=>"/help"}
REQUESTING PAGE: GET / with {} and HTTP headers {"HTTP_REFERER"=>"/contact"}
REQUESTING PAGE: GET /signup with {} and HTTP headers {"HTTP_REFERER"=>"/"}
REQUESTING PAGE: GET / with {} and HTTP headers {}
REQUESTING PAGE: GET /about with {} and HTTP headers {"HTTP_REFERER"=>"/"}
REQUESTING PAGE: GET /help with {} and HTTP headers {"HTTP_REFERER"=>"/about"}
REQUESTING PAGE: GET /contact with {} and HTTP headers {"HTTP_REFERER"=>"/help"}
REQUESTING PAGE: GET / with {} and HTTP headers {"HTTP_REFERER"=>"/contact"}
REQUESTING PAGE: GET /signup with {} and HTTP headers {"HTTP_REFERER"=>"/"}
REQUESTING PAGE: GET / with {} and HTTP headers {}
REQUESTING PAGE: GET /about with {} and HTTP headers {"HTTP_REFERER"=>"/"}
REQUESTING PAGE: GET /help with {} and HTTP headers {"HTTP_REFERER"=>"/about"}
REQUESTING PAGE: GET /contact with {} and HTTP headers {"HTTP_REFERER"=>"/help"}
REQUESTING PAGE: GET / with {} and HTTP headers {"HTTP_REFERER"=>"/contact"}
REQUESTING PAGE: GET /signup with {} and HTTP headers {"HTTP_REFERER"=>"/"}
